0 info it worked if it ends with ok
1 verbose cli [ '/usr/bin/node', '/usr/bin/npm', 'run', 'appimage' ]
2 info using npm@3.10.6
3 info using node@v6.4.0
4 verbose run-script [ 'preappimage', 'appimage', 'postappimage' ]
5 info lifecycle sys-journald@0.1.0-1~preappimage: sys-journald@0.1.0-1
6 silly lifecycle sys-journald@0.1.0-1~preappimage: no script for preappimage, continuing
7 info lifecycle sys-journald@0.1.0-1~appimage: sys-journald@0.1.0-1
8 verbose lifecycle sys-journald@0.1.0-1~appimage: unsafe-perm in lifecycle true
9 verbose lifecycle sys-journald@0.1.0-1~appimage: PATH: /usr/lib/node_modules/npm/bin/node-gyp-bin:/home/Data/Patrick/workspace/nodejs/bash/journald/node_modules/.bin:/usr/local/sbin:/usr/local/bin:/usr/bin:/usr/lib/jvm/default/bin:/usr/bin/site_perl:/usr/bin/vendor_perl:/usr/bin/core_perl:/usr/local/bin:/home/patrick/.local/bin
10 verbose lifecycle sys-journald@0.1.0-1~appimage: CWD: /home/Data/Patrick/workspace/nodejs/bash/journald
11 silly lifecycle sys-journald@0.1.0-1~appimage: Args: [ '-c',
11 silly lifecycle   'build --linux Appimage --x64 && rm -r ./dist/linux && cd dist; ./pkgbuild.js && makepkg -scfi -p PKGBUILD-APPIMAGE' ]
12 silly lifecycle sys-journald@0.1.0-1~appimage: Returned: code: 2  signal: null
13 info lifecycle sys-journald@0.1.0-1~appimage: Failed to exec appimage script
14 verbose stack Error: sys-journald@0.1.0-1 appimage: `build --linux Appimage --x64 && rm -r ./dist/linux && cd dist; ./pkgbuild.js && makepkg -scfi -p PKGBUILD-APPIMAGE`
14 verbose stack Exit status 2
14 verbose stack     at EventEmitter.<anonymous> (/usr/lib/node_modules/npm/lib/utils/lifecycle.js:255:16)
14 verbose stack     at emitTwo (events.js:106:13)
14 verbose stack     at EventEmitter.emit (events.js:191:7)
14 verbose stack     at ChildProcess.<anonymous> (/usr/lib/node_modules/npm/lib/utils/spawn.js:40:14)
14 verbose stack     at emitTwo (events.js:106:13)
14 verbose stack     at ChildProcess.emit (events.js:191:7)
14 verbose stack     at maybeClose (internal/child_process.js:852:16)
14 verbose stack     at Process.ChildProcess._handle.onexit (internal/child_process.js:215:5)
15 verbose pkgid sys-journald@0.1.0-1
16 verbose cwd /home/Data/Patrick/workspace/nodejs/bash/journald
17 error Linux 4.4.16-1-lts
18 error argv "/usr/bin/node" "/usr/bin/npm" "run" "appimage"
19 error node v6.4.0
20 error npm  v3.10.6
21 error code ELIFECYCLE
22 error sys-journald@0.1.0-1 appimage: `build --linux Appimage --x64 && rm -r ./dist/linux && cd dist; ./pkgbuild.js && makepkg -scfi -p PKGBUILD-APPIMAGE`
22 error Exit status 2
23 error Failed at the sys-journald@0.1.0-1 appimage script 'build --linux Appimage --x64 && rm -r ./dist/linux && cd dist; ./pkgbuild.js && makepkg -scfi -p PKGBUILD-APPIMAGE'.
23 error Make sure you have the latest version of node.js and npm installed.
23 error If you do, this is most likely a problem with the sys-journald package,
23 error not with npm itself.
23 error Tell the author that this fails on your system:
23 error     build --linux Appimage --x64 && rm -r ./dist/linux && cd dist; ./pkgbuild.js && makepkg -scfi -p PKGBUILD-APPIMAGE
23 error You can get information on how to open an issue for this project with:
23 error     npm bugs sys-journald
23 error Or if that isn't available, you can get their info via:
23 error     npm owner ls sys-journald
23 error There is likely additional logging output above.
24 verbose exit [ 1, true ]
